[16:41:22] [main/INFO]: Setting user: Player294
[16:41:26] [Client thread/INFO]: LWJGL Version: 2.9.1
[16:41:41] [Client thread/INFO]: Reloading ResourceManager: Default, FMLFileResourcePack:Forge Mod Loader, FMLFileResourcePack:Minecraft Forge, FMLFileResourcePack:ยง3Project X
[16:41:42] [Sound Library Loader/INFO]: Sound engine started
[16:41:54] [Client thread/INFO]: Created: 512x256 textures/blocks-atlas
[16:41:54] [Client thread/INFO]: Created: 512x256 textures/items-atlas
[16:41:55] [Client thread/INFO]: Reloading ResourceManager: Default, FMLFileResourcePack:Forge Mod Loader, FMLFileResourcePack:Minecraft Forge, FMLFileResourcePack:ยง3Project X
[16:41:55] [Client thread/INFO]: Created: 512x256 textures/blocks-atlas
[16:41:56] [Client thread/INFO]: Created: 512x256 textures/items-atlas
[16:41:57] [Sound Library Loader/INFO]: Sound engine started
[16:42:02] [Server thread/INFO]: Starting integrated minecraft server version 1.7.10
[16:42:02] [Server thread/INFO]: Generating keypair
[16:42:03] [Server thread/INFO]: Preparing start region for level 0
[16:42:04] [Server thread/INFO]: Preparing spawn area: 55%
[16:42:04] [Server thread/INFO]: Changing view distance to 9, from 10
[16:42:06] [Server thread/INFO]: Player294[local:E:d39a10ea] logged in with entity id 114 at (-125.91535389605015, 4.0, 633.5209030336675)
[16:42:06] [Server thread/INFO]: Player294 joined the game
[16:42:07] [Server thread/INFO]: Saving and pausing game...
[16:42:08] [Server thread/INFO]: Saving chunks for level 'New World'/Overworld
[16:42:08] [Server thread/INFO]: Saving chunks for level 'New World'/Nether
[16:42:08] [Server thread/INFO]: Saving chunks for level 'New World'/The End
[16:42:18] [Client thread/INFO]: [CHAT] Saved screenshot as 2015-07-13_16.42.18.png
[16:42:34] [Server thread/INFO]: Player294 has just earned the achievement [Taking Inventory]
[16:42:34] [Client thread/INFO]: [CHAT] Player294 has just earned the achievement [Taking Inventory]
[16:46:01] [Server thread/INFO]: Saving and pausing game...
[16:46:01] [Server thread/INFO]: Saving chunks for level 'New World'/Overworld
[16:46:02] [Server thread/INFO]: Saving chunks for level 'New World'/Nether
[16:46:02] [Server thread/INFO]: Saving chunks for level 'New World'/The End
[16:46:02] [Server thread/INFO]: Stopping server
[16:46:02] [Server thread/INFO]: Saving players
[16:46:02] [Server thread/INFO]: Saving worlds
[16:46:02] [Server thread/INFO]: Saving chunks for level 'New World'/Overworld
[16:46:02] [Server thread/INFO]: Saving chunks for level 'New World'/Nether
[16:46:02] [Server thread/INFO]: Saving chunks for level 'New World'/The End
[16:46:04] [Client thread/INFO]: Stopping!
